2022-04-17T08:39:58.204Z - info: Website generation (lazy) started at 4:39:53 pm
2022-04-17T08:40:03.455Z - info: Building assets...
2022-04-17T08:40:08.742Z - info: Assets built
2022-04-17T08:40:08.742Z - info: Generating landing page...
2022-04-17T08:40:10.079Z - info: Landing page built, other pages will be built as you navigate to them!
2022-04-17T08:40:11.349Z - info: Site data built
2022-04-17T08:40:11.349Z - info: Website generation (lazy) complete! Total build time: 17.873s
2022-04-17T08:40:12.867Z - info: Serving "C:\repos\nus-cs2103\cs2103-website-base\_site" at http://127.0.0.1:8080
2022-04-17T08:40:12.867Z - info: Press CTRL+C to stop ...
2022-04-17T08:42:54.620Z - info: [4:42:54 pm] Reload for file change: C:\repos\nus-cs2103\cs2103-website-base\admin\tp-pe-bug-triaging-guidelines.mbdf
2022-04-17T08:42:54.621Z - info: Synchronizing opened pages list before reload
2022-04-17T08:42:54.621Z - info: Current opened pages, from most-to-least recent:
2022-04-17T08:42:54.621Z - info: 1. index
2022-04-17T08:42:55.656Z - info: Assets built
2022-04-17T08:42:58.701Z - info: Building C:\repos\nus-cs2103\cs2103-website-base\admin\tp-pe as some of its dependencies were changed since the last visit
2022-04-17T08:43:01.027Z - info: Site data built
2022-04-17T08:43:01.027Z - info: Lazy website regeneration complete! Total build time: 2.327s
2022-04-17T08:46:18.800Z - info: [4:46:18 pm] Reload for file change: C:\repos\nus-cs2103\cs2103-website-base\admin\tp-pe-bug-triaging-guidelines.mbdf
2022-04-17T08:46:18.801Z - info: Synchronizing opened pages list before reload
2022-04-17T08:46:18.802Z - info: Current opened pages, from most-to-least recent:
2022-04-17T08:46:18.802Z - info: 1. admin/tp-pe
2022-04-17T08:46:19.821Z - info: Rebuilding 1 pages
2022-04-17T08:46:21.488Z - info: Site data built
2022-04-17T08:46:21.488Z - info: Pages rebuilt
2022-04-17T08:46:21.489Z - info: Website regeneration complete! Total build time: 1.669s
2022-04-17T08:47:12.086Z - info: Website generation started at 4:47:09 pm
2022-04-17T08:47:17.071Z - info: Building assets...
2022-04-17T08:47:21.885Z - info: Assets built
2022-04-17T08:47:21.886Z - info: Generating pages...
2022-04-17T08:47:34.518Z - debug:  
2022-04-17T08:47:34.518Z - debug:  
2022-04-17T08:47:34.518Z - debug:  
2022-04-17T08:47:34.519Z - debug:  
2022-04-17T08:47:34.519Z - debug:  
2022-04-17T08:47:34.520Z - debug:  
2022-04-17T08:49:24.123Z - debug:  
2022-04-17T08:49:36.877Z - debug:  
2022-04-17T08:49:36.882Z - debug:  
2022-04-17T08:49:42.761Z - info: Pages built
2022-04-17T08:49:43.822Z - info: Site data built
2022-04-17T08:49:43.823Z - info: Website generation complete! Total build time: 153.856s
2022-04-17T08:49:43.823Z - info: Build success!
2022-04-17T08:53:12.248Z - info: The website has been deployed at: https://nus-cs2103-ay2122s2.github.io/website
2022-04-17T08:59:20.900Z - info: Website generation (lazy) started at 4:59:16 pm
2022-04-17T08:59:26.221Z - info: Building assets...
2022-04-17T08:59:31.249Z - info: Assets built
2022-04-17T08:59:31.250Z - info: Generating landing page...
2022-04-17T08:59:32.259Z - info: Landing page built, other pages will be built as you navigate to them!
2022-04-17T08:59:33.419Z - info: Site data built
2022-04-17T08:59:33.420Z - info: Website generation (lazy) complete! Total build time: 17.036s
2022-04-17T08:59:34.355Z - info: Serving "C:\repos\nus-cs2103\cs2103-website-base\_site" at http://127.0.0.1:8080
2022-04-17T08:59:34.356Z - info: Press CTRL+C to stop ...
2022-04-17T08:59:46.788Z - info: Building C:\repos\nus-cs2103\cs2103-website-base\admin\tp-pe as some of its dependencies were changed since the last visit
2022-04-17T08:59:48.853Z - info: Site data built
2022-04-17T08:59:48.853Z - info: Lazy website regeneration complete! Total build time: 2.065s
2022-04-17T09:00:27.580Z - info: Website generation started at 5:00:25 pm
2022-04-17T09:00:32.853Z - info: Building assets...
